Removed Pin From Net: NetName=VSS Pin=D1-2
Removed Member From Class: ClassName=DE-250624 Member=D1
Add component (AddParameter): Name = "ComponentLink1Description"; Value = "Manufacturer Link"; VariantName = "[No Variations]"
Add component (AddParameter): Name = "ComponentLink1URL"; Value = "http://www.agilent.com/"; VariantName = "[No Variations]"
Add component (AddParameter): Name = "ComponentLink2Description"; Value = "Datasheet"; VariantName = "[No Variations]"
Add component (AddParameter): Name = "ComponentLink2URL"; Value = "http://cp.literature.agilent.com/litweb/pdf/5988-5794EN.pdf"; VariantName = "[No Variations]"
Add component (AddParameter): Name = "DatasheetDocument"; Value = "7-Mar-2002"; VariantName = "[No Variations]"
Add component (AddParameter): Name = "LED_Colour"; Value = "Red"; VariantName = "[No Variations]"
Add component (AddParameter): Name = "LuminousIntensity"; Value = "96mcd (Minimum)."; VariantName = "[No Variations]"
Add component (AddParameter): Name = "PackageDocument"; Value = "30-Apr-2002"; VariantName = "[No Variations]"
Add component (AddParameter): Name = "PackageReference"; Value = "2.0X1.25X1.2"; VariantName = "[No Variations]"
Add component (AddParameter): Name = "PCB_Layout"; Value = "Complies with manufacturer's recommendation."; VariantName = "[No Variations]"
Add component (AddParameter): Name = "Published"; Value = "11-Dec-2002"; VariantName = "[No Variations]"
Add component (AddParameter): Name = "Publisher"; Value = "Altium Limited"; VariantName = "[No Variations]"
Added Component: Designator=D?(2.0X1.25X1.2)
Add component. Clean all parameters for all variants
Add component (AddParameter): Name = "ComponentLink1Description"; Value = "Manufacturer Link"; VariantName = "[No Variations]"
Add component (AddParameter): Name = "ComponentLink1URL"; Value = "http://www.agilent.com/"; VariantName = "[No Variations]"
Add component (AddParameter): Name = "ComponentLink2Description"; Value = "Datasheet"; VariantName = "[No Variations]"
Add component (AddParameter): Name = "ComponentLink2URL"; Value = "http://cp.literature.agilent.com/litweb/pdf/5988-5794EN.pdf"; VariantName = "[No Variations]"
Add component (AddParameter): Name = "DatasheetDocument"; Value = "7-Mar-2002"; VariantName = "[No Variations]"
Add component (AddParameter): Name = "LED_Colour"; Value = "Red"; VariantName = "[No Variations]"
Add component (AddParameter): Name = "LuminousIntensity"; Value = "96mcd (Minimum)."; VariantName = "[No Variations]"
Add component (AddParameter): Name = "PackageDocument"; Value = "30-Apr-2002"; VariantName = "[No Variations]"
Add component (AddParameter): Name = "PackageReference"; Value = "2.0X1.25X1.2"; VariantName = "[No Variations]"
Add component (AddParameter): Name = "PCB_Layout"; Value = "Complies with manufacturer's recommendation."; VariantName = "[No Variations]"
Add component (AddParameter): Name = "Published"; Value = "11-Dec-2002"; VariantName = "[No Variations]"
Add component (AddParameter): Name = "Publisher"; Value = "Altium Limited"; VariantName = "[No Variations]"
Added Component: Designator=S5(SENSOR_PAD)
Add component. Clean all parameters for all variants
Added Pin To Net: NetName=VSS Pin=D?-2
Added Pin To Net: NetName=NetS5_1 Pin=S5-1
Added Pin To Net: NetName=NetD?_1 Pin=D?-1
Added Pin To Net: NetName=NetD?_1 Pin=R1-2
Added Net: Name=NetD?_1
Added Member To Class: ClassName=DE-250624 Member=Component D? LED_ON_OFF
