Removed Pin From Net: NetName=LED_ON_OFF Pin=D1-1
Removed Pin From Net: NetName=LED_DIR_IN Pin=D2-1
Removed Pin From Net: NetName=LED_DIR_OUT Pin=D3-1
Removed Pin From Net: NetName=LED_SPEED_4 Pin=D4-1
Removed Pin From Net: NetName=LED_SPEED_3 Pin=D5-1
Removed Pin From Net: NetName=LED_SPEED_2 Pin=D6-1
Removed Pin From Net: NetName=LED_SPEED_1 Pin=D7-1
Removed Pin From Net: NetName=VSS Pin=R1-2
Removed Pin From Net: NetName=VSS Pin=R3-2
Removed Pin From Net: NetName=VSS Pin=R4-2
Removed Pin From Net: NetName=VSS Pin=R7-2
Removed Pin From Net: NetName=VSS Pin=R8-2
Removed Pin From Net: NetName=VSS Pin=R9-2
Removed Pin From Net: NetName=VSS Pin=R13-2
Added Pin To Net: NetName=VSS Pin=D1-2
Added Pin To Net: NetName=VSS Pin=D2-2
Added Pin To Net: NetName=VSS Pin=D3-2
Added Pin To Net: NetName=VSS Pin=D4-2
Added Pin To Net: NetName=VSS Pin=D5-2
Added Pin To Net: NetName=VSS Pin=D6-2
Added Pin To Net: NetName=VSS Pin=D7-2
Added Pin To Net: NetName=LED_ON_OFF Pin=R1-1
Added Pin To Net: NetName=LED_DIR_IN Pin=R3-1
Added Pin To Net: NetName=LED_DIR_OUT Pin=R4-1
Added Pin To Net: NetName=LED_SPEED_4 Pin=R7-1
Added Pin To Net: NetName=LED_SPEED_3 Pin=R8-1
Added Pin To Net: NetName=LED_SPEED_2 Pin=R9-1
Added Pin To Net: NetName=LED_SPEED_1 Pin=R13-1
Added Pin To Net: NetName=NetD1_1 Pin=D1-1
Added Pin To Net: NetName=NetD1_1 Pin=R1-2
Added Net: Name=NetD1_1
Added Pin To Net: NetName=NetD2_1 Pin=D2-1
Added Pin To Net: NetName=NetD2_1 Pin=R3-2
Added Net: Name=NetD2_1
Added Pin To Net: NetName=NetD3_1 Pin=D3-1
Added Pin To Net: NetName=NetD3_1 Pin=R4-2
Added Net: Name=NetD3_1
Added Pin To Net: NetName=NetD4_1 Pin=D4-1
Added Pin To Net: NetName=NetD4_1 Pin=R7-2
Added Net: Name=NetD4_1
Added Pin To Net: NetName=NetD5_1 Pin=D5-1
Added Pin To Net: NetName=NetD5_1 Pin=R8-2
Added Net: Name=NetD5_1
Added Pin To Net: NetName=NetD6_1 Pin=D6-1
Added Pin To Net: NetName=NetD6_1 Pin=R9-2
Added Net: Name=NetD6_1
Added Pin To Net: NetName=NetD7_1 Pin=D7-1
Added Pin To Net: NetName=NetD7_1 Pin=R13-2
Added Net: Name=NetD7_1
Added Room: Name=DE-250624
